# JRE version: OpenJDK Runtime Environment (17.0.2+8) (build 17.0.2+8-86)
# Java VM: OpenJDK 64-Bit Server VM (17.0.2+8-86, mixed mode, sharing, tiered, compressed oops, compressed class ptrs, g1 gc, linux-amd64)
GC Precious Log:
 CPUs: 4 total, 4 available
 Memory: 19781M
 Large Page Support: Disabled
 NUMA Support: Disabled
 Compressed Oops: Enabled (32-bit)
 Heap Region Size: 1M
 Heap Min Capacity: 256M
 Heap Initial Capacity: 256M
 Heap Max Capacity: 512M
 Pre-touch: Disabled
 Parallel Workers: 4
 Concurrent Workers: 1
 Concurrent Refinement Workers: 4
 Periodic GC: Disabled
Heap:
 garbage-first heap   total 301056K, used 182752K [0x00000000e0000000, 0x0000000100000000)
  region size 1024K, 28 young (28672K), 8 survivors (8192K)
 Metaspace       used 109122K, committed 110080K, reserved 413696K
  class space    used 15350K, committed 15808K, reserved 315392K
GC Heap History (20 events):
Event: 8,180 GC heap before
{Heap before GC invocations=10 (full 0):
 garbage-first heap   total 262144K, used 51818K [0x00000000e0000000, 0x0000000100000000)
  region size 1024K, 13 young (13312K), 12 survivors (12288K)
 Metaspace       used 55461K, committed 56000K, reserved 364544K
  class space    used 7799K, committed 8064K, reserved 315392K
}
Event: 8,193 GC heap after
{Heap after GC invocations=11 (full 0):
 garbage-first heap   total 262144K, used 51648K [0x00000000e0000000, 0x0000000100000000)
  region size 1024K, 2 young (2048K), 2 survivors (2048K)
 Metaspace       used 55461K, committed 56000K, reserved 364544K
  class space    used 7799K, committed 8064K, reserved 315392K
}
Event: 8,699 GC heap before
{Heap before GC invocations=11 (full 0):
 garbage-first heap   total 262144K, used 113088K [0x00000000e0000000, 0x0000000100000000)
  region size 1024K, 59 young (60416K), 2 survivors (2048K)
 Metaspace       used 60804K, committed 61376K, reserved 372736K
  class space    used 8506K, committed 8768K, reserved 315392K
}
Event: 8,705 GC heap after
{Heap after GC invocations=12 (full 0):
 garbage-first heap   total 262144K, used 56980K [0x00000000e0000000, 0x0000000100000000)
  region size 1024K, 3 young (3072K), 3 survivors (3072K)
 Metaspace       used 60804K, committed 61376K, reserved 372736K
  class space    used 8506K, committed 8768K, reserved 315392K
}
Event: 11,374 GC heap before
{Heap before GC invocations=13 (full 0):
 garbage-first heap   total 262144K, used 202388K [0x00000000e0000000, 0x0000000100000000)
  region size 1024K, 145 young (148480K), 3 survivors (3072K)
 Metaspace       used 71323K, committed 72000K, reserved 380928K
  class space    used 10482K, committed 10816K, reserved 315392K
}
Event: 11,390 GC heap after
{Heap after GC invocations=14 (full 0):
 garbage-first heap   total 262144K, used 67057K [0x00000000e0000000, 0x0000000100000000)
  region size 1024K, 13 young (13312K), 13 survivors (13312K)
 Metaspace       used 71323K, committed 72000K, reserved 380928K
  class space    used 10482K, committed 10816K, reserved 315392K
}
Event: 14,238 GC heap before
{Heap before GC invocations=15 (full 0):
 garbage-first heap   total 262144K, used 221681K [0x00000000e0000000, 0x0000000100000000)
  region size 1024K, 147 young (150528K), 13 survivors (13312K)
 Metaspace       used 81031K, committed 81728K, reserved 389120K
  class space    used 11867K, committed 12224K, reserved 315392K
}
Event: 14,255 GC heap after
{Heap after GC invocations=16 (full 0):
 garbage-first heap   total 262144K, used 91783K [0x00000000e0000000, 0x0000000100000000)
  region size 1024K, 13 young (13312K), 13 survivors (13312K)
 Metaspace       used 81031K, committed 81728K, reserved 389120K
  class space    used 11867K, committed 12224K, reserved 315392K
}
Event: 22,126 GC heap before
{Heap before GC invocations=16 (full 0):
 garbage-first heap   total 262144K, used 204423K [0x00000000e0000000, 0x0000000100000000)
  region size 1024K, 124 young (126976K), 13 survivors (13312K)
 Metaspace       used 88937K, committed 89792K, reserved 397312K
  class space    used 12905K, committed 13312K, reserved 315392K
}
Event: 22,142 GC heap after
{Heap after GC invocations=17 (full 0):
 garbage-first heap   total 262144K, used 101276K [0x00000000e0000000, 0x0000000100000000)
  region size 1024K, 10 young (10240K), 10 survivors (10240K)
 Metaspace       used 88937K, committed 89792K, reserved 397312K
  class space    used 12905K, committed 13312K, reserved 315392K
}
Event: 489,307 GC heap before
{Heap before GC invocations=17 (full 0):
 garbage-first heap   total 262144K, used 216988K [0x00000000e0000000, 0x0000000100000000)
  region size 1024K, 113 young (115712K), 10 survivors (10240K)
 Metaspace       used 92644K, committed 93632K, reserved 397312K
  class space    used 13439K, committed 13888K, reserved 315392K
}
Event: 489,319 GC heap after
{Heap after GC invocations=18 (full 0):
 garbage-first heap   total 262144K, used 121773K [0x00000000e0000000, 0x0000000100000000)
  region size 1024K, 10 young (10240K), 10 survivors (10240K)
 Metaspace       used 92644K, committed 93632K, reserved 397312K
  class space    used 13439K, committed 13888K, reserved 315392K
}
Event: 496,598 GC heap before
{Heap before GC invocations=18 (full 0):
 garbage-first heap   total 262144K, used 208813K [0x00000000e0000000, 0x0000000100000000)
  region size 1024K, 94 young (96256K), 10 survivors (10240K)
 Metaspace       used 98796K, committed 99904K, reserved 405504K
  class space    used 14176K, committed 14720K, reserved 315392K
}
Event: 496,613 GC heap after
{Heap after GC invocations=19 (full 0):
 garbage-first heap   total 262144K, used 131040K [0x00000000e0000000, 0x0000000100000000)
  region size 1024K, 8 young (8192K), 8 survivors (8192K)
 Metaspace       used 98796K, committed 99904K, reserved 405504K
  class space    used 14176K, committed 14720K, reserved 315392K
}
Event: 497,222 GC heap before
{Heap before GC invocations=20 (full 0):
 garbage-first heap   total 262144K, used 223200K [0x00000000e0000000, 0x0000000100000000)
  region size 1024K, 87 young (89088K), 8 survivors (8192K)
 Metaspace       used 104017K, committed 105024K, reserved 413696K
  class space    used 14803K, committed 15296K, reserved 315392K
}
Event: 497,242 GC heap after
{Heap after GC invocations=21 (full 0):
 garbage-first heap   total 262144K, used 147315K [0x00000000e0000000, 0x0000000100000000)
  region size 1024K, 11 young (11264K), 11 survivors (11264K)
 Metaspace       used 104017K, committed 105024K, reserved 413696K
  class space    used 14803K, committed 15296K, reserved 315392K
}
Event: 497,248 GC heap before
{Heap before GC invocations=21 (full 0):
 garbage-first heap   total 262144K, used 148339K [0x00000000e0000000, 0x0000000100000000)
  region size 1024K, 12 young (12288K), 11 survivors (11264K)
 Metaspace       used 104019K, committed 105024K, reserved 413696K
  class space    used 14803K, committed 15296K, reserved 315392K
}
Event: 497,259 GC heap after
{Heap after GC invocations=22 (full 0):
 garbage-first heap   total 262144K, used 147868K [0x00000000e0000000, 0x0000000100000000)
  region size 1024K, 2 young (2048K), 2 survivors (2048K)
 Metaspace       used 104019K, committed 105024K, reserved 413696K
  class space    used 14803K, committed 15296K, reserved 315392K
}
Event: 497,771 GC heap before
{Heap before GC invocations=22 (full 0):
 garbage-first heap   total 262144K, used 216476K [0x00000000e0000000, 0x0000000100000000)
  region size 1024K, 62 young (63488K), 2 survivors (2048K)
 Metaspace       used 108280K, committed 109248K, reserved 413696K
  class space    used 15280K, committed 15744K, reserved 315392K
}
Event: 497,780 GC heap after
{Heap after GC invocations=23 (full 0):
 garbage-first heap   total 262144K, used 163296K [0x00000000e0000000, 0x0000000100000000)
  region size 1024K, 8 young (8192K), 8 survivors (8192K)
 Metaspace       used 108280K, committed 109248K, reserved 413696K
  class space    used 15280K, committed 15744K, reserved 315392K
}

